<?xml version="1.0" encoding="UTF-8"?>
<coverage generated="1763747015221" clover="3.2.0">
  <project timestamp="1763747015221" name="All files">
    <metrics statements="28" coveredstatements="25" conditionals="8" coveredconditionals="5" methods="9" coveredmethods="8" elements="45" coveredelements="38" complexity="0" loc="28" ncloc="28" packages="1" files="2" classes="2"/>
    <file name="Blog.jsx" path="/Users/dineshsthapit/Documents/fullstackopen-react/fullstackopen/part5/blog/src/components/Blog.jsx">
      <metrics statements="14" coveredstatements="11" conditionals="8" coveredconditionals="5" methods="4" coveredmethods="3"/>
      <line num="3" count="1" type="stmt"/>
      <line num="4" count="4" type="stmt"/>
      <line num="12" count="4" type="stmt"/>
      <line num="14" count="4" type="cond" truecount="2" falsecount="0"/>
      <line num="15" count="4" type="cond" truecount="2" falsecount="0"/>
      <line num="17" count="4" type="stmt"/>
      <line num="19" count="4" type="stmt"/>
      <line num="20" count="2" type="stmt"/>
      <line num="21" count="2" type="stmt"/>
      <line num="24" count="4" type="stmt"/>
      <line num="25" count="0" type="stmt"/>
      <line num="26" count="0" type="cond" truecount="0" falsecount="2"/>
      <line num="27" count="0" type="stmt"/>
      <line num="31" count="4" type="stmt"/>
    </file>
    <file name="BlogForm.jsx" path="/Users/dineshsthapit/Documents/fullstackopen-react/fullstackopen/part5/blog/src/components/BlogForm.jsx">
      <metrics statements="14" coveredstatements="14" conditionals="0" coveredconditionals="0" methods="5" coveredmethods="5"/>
      <line num="3" count="1" type="stmt"/>
      <line num="5" count="30" type="stmt"/>
      <line num="6" count="30" type="stmt"/>
      <line num="7" count="30" type="stmt"/>
      <line num="9" count="30" type="stmt"/>
      <line num="10" count="1" type="stmt"/>
      <line num="11" count="1" type="stmt"/>
      <line num="12" count="1" type="stmt"/>
      <line num="13" count="1" type="stmt"/>
      <line num="14" count="1" type="stmt"/>
      <line num="17" count="30" type="stmt"/>
      <line num="23" count="9" type="stmt"/>
      <line num="29" count="11" type="stmt"/>
      <line num="35" count="8" type="stmt"/>
    </file>
  </project>
</coverage>
