{"/Users/dineshsthapit/Documents/fullstackopen-react/fullstackopen/part5/blog/src/components/Blog.jsx": {"path":"/Users/dineshsthapit/Documents/fullstackopen-react/fullstackopen/part5/blog/src/components/Blog.jsx","statementMap":{"0":{"start":{"line":3,"column":13},"end":{"line":56,"column":null}},"1":{"start":{"line":4,"column":20},"end":{"line":10,"column":null}},"2":{"start":{"line":12,"column":28},"end":{"line":12,"column":null}},"3":{"start":{"line":14,"column":24},"end":{"line":14,"column":null}},"4":{"start":{"line":15,"column":24},"end":{"line":15,"column":null}},"5":{"start":{"line":17,"column":27},"end":{"line":17,"column":null}},"6":{"start":{"line":17,"column":33},"end":{"line":17,"column":null}},"7":{"start":{"line":19,"column":22},"end":{"line":22,"column":null}},"8":{"start":{"line":20,"column":4},"end":{"line":20,"column":null}},"9":{"start":{"line":21,"column":4},"end":{"line":21,"column":null}},"10":{"start":{"line":24,"column":23},"end":{"line":29,"column":null}},"11":{"start":{"line":25,"column":15},"end":{"line":25,"column":null}},"12":{"start":{"line":26,"column":4},"end":{"line":28,"column":null}},"13":{"start":{"line":27,"column":6},"end":{"line":27,"column":null}},"14":{"start":{"line":31,"column":2},"end":{"line":54,"column":null}}},"fnMap":{"0":{"name":"(anonymous_0)","decl":{"start":{"line":3,"column":13},"end":{"line":3,"column":14}},"loc":{"start":{"line":3,"column":57},"end":{"line":56,"column":null}},"line":3},"1":{"name":"(anonymous_1)","decl":{"start":{"line":17,"column":27},"end":{"line":17,"column":33}},"loc":{"start":{"line":17,"column":33},"end":{"line":17,"column":null}},"line":17},"2":{"name":"(anonymous_2)","decl":{"start":{"line":19,"column":22},"end":{"line":19,"column":28}},"loc":{"start":{"line":19,"column":28},"end":{"line":22,"column":null}},"line":19},"3":{"name":"(anonymous_3)","decl":{"start":{"line":24,"column":23},"end":{"line":24,"column":29}},"loc":{"start":{"line":24,"column":29},"end":{"line":29,"column":null}},"line":24}},"branchMap":{"0":{"loc":{"start":{"line":14,"column":35},"end":{"line":14,"column":53}},"type":"cond-expr","locations":[{"start":{"line":14,"column":43},"end":{"line":14,"column":46}},{"start":{"line":14,"column":46},"end":{"line":14,"column":53}}],"line":14},"1":{"loc":{"start":{"line":15,"column":35},"end":{"line":15,"column":54}},"type":"cond-expr","locations":[{"start":{"line":15,"column":43},"end":{"line":15,"column":51}},{"start":{"line":15,"column":51},"end":{"line":15,"column":54}}],"line":15},"2":{"loc":{"start":{"line":26,"column":4},"end":{"line":28,"column":null}},"type":"if","locations":[{"start":{"line":26,"column":4},"end":{"line":28,"column":null}},{"start":{},"end":{}}],"line":26},"3":{"loc":{"start":{"line":47,"column":12},"end":{"line":49,"column":null}},"type":"binary-expr","locations":[{"start":{"line":47,"column":12},"end":{"line":47,"column":null}},{"start":{"line":49,"column":12},"end":{"line":49,"column":null}}],"line":47}},"s":{"0":1,"1":4,"2":4,"3":4,"4":4,"5":4,"6":1,"7":4,"8":2,"9":2,"10":4,"11":0,"12":0,"13":0,"14":4},"f":{"0":4,"1":1,"2":2,"3":0},"b":{"0":[1,3],"1":[1,3],"2":[0,0],"3":[4,0]},"meta":{"lastBranch":4,"lastFunction":4,"lastStatement":15,"seen":{"s:3:13:56:Infinity":0,"f:3:13:3:14":0,"s:4:20:10:Infinity":1,"s:12:28:12:Infinity":2,"s:14:24:14:Infinity":3,"b:14:43:14:46:14:46:14:53":0,"s:15:24:15:Infinity":4,"b:15:43:15:51:15:51:15:54":1,"s:17:27:17:Infinity":5,"f:17:27:17:33":1,"s:17:33:17:Infinity":6,"s:19:22:22:Infinity":7,"f:19:22:19:28":2,"s:20:4:20:Infinity":8,"s:21:4:21:Infinity":9,"s:24:23:29:Infinity":10,"f:24:23:24:29":3,"s:25:15:25:Infinity":11,"b:26:4:28:Infinity:undefined:undefined:undefined:undefined":2,"s:26:4:28:Infinity":12,"s:27:6:27:Infinity":13,"s:31:2:54:Infinity":14,"b:47:12:47:Infinity:49:12:49:Infinity":3}}}
,"/Users/dineshsthapit/Documents/fullstackopen-react/fullstackopen/part5/blog/src/components/BlogForm.jsx": {"path":"/Users/dineshsthapit/Documents/fullstackopen-react/fullstackopen/part5/blog/src/components/BlogForm.jsx","statementMap":{"0":{"start":{"line":3,"column":17},"end":{"line":41,"column":null}},"1":{"start":{"line":5,"column":24},"end":{"line":5,"column":null}},"2":{"start":{"line":6,"column":26},"end":{"line":6,"column":null}},"3":{"start":{"line":7,"column":20},"end":{"line":7,"column":null}},"4":{"start":{"line":9,"column":23},"end":{"line":15,"column":null}},"5":{"start":{"line":10,"column":4},"end":{"line":10,"column":null}},"6":{"start":{"line":11,"column":4},"end":{"line":11,"column":null}},"7":{"start":{"line":12,"column":4},"end":{"line":12,"column":null}},"8":{"start":{"line":13,"column":4},"end":{"line":13,"column":null}},"9":{"start":{"line":14,"column":4},"end":{"line":14,"column":null}},"10":{"start":{"line":17,"column":2},"end":{"line":39,"column":null}},"11":{"start":{"line":23,"column":69},"end":{"line":23,"column":93}},"12":{"start":{"line":29,"column":70},"end":{"line":29,"column":95}},"13":{"start":{"line":35,"column":67},"end":{"line":35,"column":89}}},"fnMap":{"0":{"name":"(anonymous_0)","decl":{"start":{"line":3,"column":17},"end":{"line":3,"column":19}},"loc":{"start":{"line":3,"column":39},"end":{"line":41,"column":null}},"line":3},"1":{"name":"(anonymous_1)","decl":{"start":{"line":9,"column":23},"end":{"line":9,"column":24}},"loc":{"start":{"line":9,"column":34},"end":{"line":15,"column":null}},"line":9},"2":{"name":"(anonymous_2)","decl":{"start":{"line":23,"column":53},"end":{"line":23,"column":54}},"loc":{"start":{"line":23,"column":69},"end":{"line":23,"column":93}},"line":23},"3":{"name":"(anonymous_3)","decl":{"start":{"line":29,"column":54},"end":{"line":29,"column":55}},"loc":{"start":{"line":29,"column":70},"end":{"line":29,"column":95}},"line":29},"4":{"name":"(anonymous_4)","decl":{"start":{"line":35,"column":51},"end":{"line":35,"column":52}},"loc":{"start":{"line":35,"column":67},"end":{"line":35,"column":89}},"line":35}},"branchMap":{},"s":{"0":1,"1":30,"2":30,"3":30,"4":30,"5":1,"6":1,"7":1,"8":1,"9":1,"10":30,"11":9,"12":11,"13":8},"f":{"0":30,"1":1,"2":9,"3":11,"4":8},"b":{},"meta":{"lastBranch":0,"lastFunction":5,"lastStatement":14,"seen":{"s:3:17:41:Infinity":0,"f:3:17:3:19":0,"s:5:24:5:Infinity":1,"s:6:26:6:Infinity":2,"s:7:20:7:Infinity":3,"s:9:23:15:Infinity":4,"f:9:23:9:24":1,"s:10:4:10:Infinity":5,"s:11:4:11:Infinity":6,"s:12:4:12:Infinity":7,"s:13:4:13:Infinity":8,"s:14:4:14:Infinity":9,"s:17:2:39:Infinity":10,"f:23:53:23:54":2,"s:23:69:23:93":11,"f:29:54:29:55":3,"s:29:70:29:95":12,"f:35:51:35:52":4,"s:35:67:35:89":13}}}
}
